<?xml version="1.0" encoding="UTF-8" ?>
<testsuite tests="11" failures="0" name="DNA.mapper.DepartmentMapperTest" time="0.017" errors="0" skipped="0">
  <properties>
    <property name="idea.version" value="2020.3.3"/>
    <property name="java.runtime.name" value="Java(TM) SE Runtime Environment"/>
    <property name="sun.boot.library.path" value="D:\JDK\JDK8\jre\bin"/>
    <property name="java.vm.version" value="25.281-b09"/>
    <property name="maven.wagon.http.ssl.insecure" value="true"/>
    <property name="java.vm.vendor" value="Oracle Corporation"/>
    <property name="maven.multiModuleProjectDirectory" value="E:\Study\SSM\SSMDemo"/>
    <property name="java.vendor.url" value="http://java.oracle.com/"/>
    <property name="path.separator" value=";"/>
    <property name="guice.disable.misplaced.annotation.check" value="true"/>
    <property name="java.vm.name" value="Java HotSpot(TM) 64-Bit Server VM"/>
    <property name="file.encoding.pkg" value="sun.io"/>
    <property name="user.script" value=""/>
    <property name="user.country" value="CN"/>
    <property name="sun.java.launcher" value="SUN_STANDARD"/>
    <property name="sun.os.patch.level" value=""/>
    <property name="java.vm.specification.name" value="Java Virtual Machine Specification"/>
    <property name="user.dir" value="E:\Study\SSM\SSMDemo"/>
    <property name="java.runtime.version" value="1.8.0_281-b09"/>
    <property name="java.awt.graphicsenv" value="sun.awt.Win32GraphicsEnvironment"/>
    <property name="java.endorsed.dirs" value="D:\JDK\JDK8\jre\lib\endorsed"/>
    <property name="os.arch" value="amd64"/>
    <property name="java.io.tmpdir" value="C:\Users\PC\AppData\Local\Temp\"/>
    <property name="line.separator" value="
"/>
    <property name="java.vm.specification.vendor" value="Oracle Corporation"/>
    <property name="user.variant" value=""/>
    <property name="os.name" value="Windows 10"/>
    <property name="maven.ext.class.path" value="D:\IDEA\IntelliJ IDEA 2020.3.3\plugins\maven\lib\maven-event-listener.jar"/>
    <property name="classworlds.conf" value="D:\Maven\apache-maven-3.5.3\bin\m2.conf"/>
    <property name="sun.jnu.encoding" value="GBK"/>
    <property name="java.library.path" value="D:\JDK\JDK8\bin;C:\WINDOWS\Sun\Java\bin;C:\WINDOWS\system32;C:\WINDOWS;C:\Program Files (x86)\Common Files\Oracle\Java\javapath;C:\Program Files\Common Files\Oracle\Java\javapath;C:\Windows\system32;C:\Windows;C:\Windows\System32\Wbem;C:\Windows\System32\WindowsPowerShell\v1.0\;C:\Windows\System32\OpenSSH\;C:\Program Files\Intel\WiFi\bin\;C:\Program Files\Common Files\Intel\WirelessCommon\;C:\Program Files (x86)\NVIDIA Corporation\PhysX\Common;C:\Program Files\NVIDIA Corporation\NVIDIA NvDLISR;C:\Program Files\dotnet\;D:\JDK\bin;D:\MySQL\mysql8\bin;C:\Program Files\MySQL\MySQL Server 8.0\bin;D:\Git\Git\cmd;D:\WebStrom\WebStorm\WebStorm 2020.3.3\bin;D:\TomCat\apache-tomcat-8.5.23\bin;D:\JDK\JDK8\bin;D:\Maven\apache-maven-3.5.2\bin;D:\JDK\JRE8\bin;C:\WINDOWS\system32;C:\WINDOWS;C:\WINDOWS\System32\Wbem;C:\WINDOWS\System32\WindowsPowerShell\v1.0\;C:\WINDOWS\System32\OpenSSH\;D:\IDEA\IntelliJ IDEA 2020.3.3\plugins\maven\lib;C:\Users\PC\AppData\Local\Microsoft\WindowsApps;D:\压缩\;D:\BuleJ\jdk\bin;D:\MySQL\mysql8\bin;C:\Users\PC\AppData\Local\GitHubDesktop\bin;."/>
    <property name="maven.conf" value="D:\Maven\apache-maven-3.5.3/conf"/>
    <property name="java.specification.name" value="Java Platform API Specification"/>
    <property name="java.class.version" value="52.0"/>
    <property name="sun.management.compiler" value="HotSpot 64-Bit Tiered Compilers"/>
    <property name="maven.repo.local" value="D:\Maven\MavenRepository\repository"/>
    <property name="os.version" value="10.0"/>
    <property name="maven.wagon.http.ssl.allowall" value="true"/>
    <property name="user.home" value="C:\Users\PC"/>
    <property name="user.timezone" value="Asia/Shanghai"/>
    <property name="java.awt.printerjob" value="sun.awt.windows.WPrinterJob"/>
    <property name="java.specification.version" value="1.8"/>
    <property name="file.encoding" value="UTF-8"/>
    <property name="user.name" value="PC"/>
    <property name="java.class.path" value="D:\Maven\apache-maven-3.5.3\boot\plexus-classworlds-2.5.2.jar"/>
    <property name="java.vm.specification.version" value="1.8"/>
    <property name="sun.arch.data.model" value="64"/>
    <property name="java.home" value="D:\JDK\JDK8\jre"/>
    <property name="sun.java.command" value="org.codehaus.classworlds.Launcher -Didea.version=2020.3.3 -s D:\Maven\apache-maven-3.5.3\conf\settings.xml -Dmaven.repo.local=D:\Maven\MavenRepository\repository install"/>
    <property name="java.specification.vendor" value="Oracle Corporation"/>
    <property name="user.language" value="zh"/>
    <property name="awt.toolkit" value="sun.awt.windows.WToolkit"/>
    <property name="java.vm.info" value="mixed mode"/>
    <property name="java.version" value="1.8.0_281"/>
    <property name="java.ext.dirs" value="D:\JDK\JDK8\jre\lib\ext;C:\WINDOWS\Sun\Java\lib\ext"/>
    <property name="sun.boot.class.path" value="D:\JDK\JDK8\jre\lib\resources.jar;D:\JDK\JDK8\jre\lib\rt.jar;D:\JDK\JDK8\jre\lib\sunrsasign.jar;D:\JDK\JDK8\jre\lib\jsse.jar;D:\JDK\JDK8\jre\lib\jce.jar;D:\JDK\JDK8\jre\lib\charsets.jar;D:\JDK\JDK8\jre\lib\jfr.jar;D:\JDK\JDK8\jre\classes"/>
    <property name="maven.wagon.http.ssl.ignore.validity.dates" value="true.archetypeCatalog=internal"/>
    <property name="java.vendor" value="Oracle Corporation"/>
    <property name="maven.home" value="D:\Maven\apache-maven-3.5.3"/>
    <property name="file.separator" value="\"/>
    <property name="java.vendor.url.bug" value="http://bugreport.sun.com/bugreport/"/>
    <property name="sun.cpu.endian" value="little"/>
    <property name="sun.io.unicode.encoding" value="UnicodeLittle"/>
    <property name="sun.desktop" value="windows"/>
    <property name="sun.cpu.isalist" value="amd64"/>
  </properties>
  <testcase classname="DNA.mapper.DepartmentMapperTest" name="updateByExampleSelective" time="0.011"/>
  <testcase classname="DNA.mapper.DepartmentMapperTest" name="selectByPrimaryKey" time="0"/>
  <testcase classname="DNA.mapper.DepartmentMapperTest" name="insert" time="0"/>
  <testcase classname="DNA.mapper.DepartmentMapperTest" name="selectByExample" time="0"/>
  <testcase classname="DNA.mapper.DepartmentMapperTest" name="deleteByExample" time="0.001"/>
  <testcase classname="DNA.mapper.DepartmentMapperTest" name="insertSelective" time="0"/>
  <testcase classname="DNA.mapper.DepartmentMapperTest" name="deleteByPrimaryKey" time="0.001"/>
  <testcase classname="DNA.mapper.DepartmentMapperTest" name="updateByExample" time="0.001"/>
  <testcase classname="DNA.mapper.DepartmentMapperTest" name="updateByPrimaryKey" time="0.001"/>
  <testcase classname="DNA.mapper.DepartmentMapperTest" name="countByExample" time="0.001"/>
  <testcase classname="DNA.mapper.DepartmentMapperTest" name="updateByPrimaryKeySelective" time="0.001"/>
</testsuite>